2017-11-01 08:46:06,319 [Worker-5] INFO  c.g.t.t.d.PublishedGradleVersions - Gradle version information cache is out-of-date. Trying to update.
2017-11-01 19:18:17,664 [Worker-6] INFO  c.g.t.t.d.PublishedGradleVersions - Gradle version information cache is up-to-date. Trying to read.
2017-11-01 19:22:54,202 [Worker-9] INFO  o.e.m.c.i.l.LifecycleMappingFactory - Using org.eclipse.m2e.jdt.JarLifecycleMapping lifecycle mapping for MavenProject: com.example:APAPTutorial04:0.0.1-SNAPSHOT @ C:\Users\User\eclipse-workspace\Tutorial07\Tutorial07Consumer\pom.xml.
2017-11-01 19:23:08,360 [Worker-9] INFO  o.e.m.c.i.embedder.EclipseLogger - Using 'UTF-8' encoding to copy filtered resources.
2017-11-01 19:23:08,412 [Worker-9] INFO  o.e.m.c.i.embedder.EclipseLogger - Copying 1 resource
2017-11-01 19:23:08,486 [Worker-9] INFO  o.e.m.c.i.embedder.EclipseLogger - Copying 61 resources
2017-11-01 19:23:11,643 [Worker-9] INFO  o.e.m.c.i.embedder.EclipseLogger - Using 'UTF-8' encoding to copy filtered resources.
2017-11-01 19:23:11,643 [Worker-9] INFO  o.e.m.c.i.embedder.EclipseLogger - skip non existing resourceDirectory C:\Users\User\eclipse-workspace\Tutorial07\Tutorial07Consumer\src\test\resources
2017-11-01 19:23:13,486 [Worker-9] INFO  o.e.m.c.i.l.LifecycleMappingFactory - Using org.eclipse.m2e.jdt.JarLifecycleMapping lifecycle mapping for MavenProject: com.example:APAPTutorial04:0.0.1-SNAPSHOT @ C:\Users\User\eclipse-workspace\Tutorial07\Tutorial07Producer\pom.xml.
2017-11-01 19:23:16,333 [Worker-9] INFO  o.e.m.c.i.embedder.EclipseLogger - Using 'UTF-8' encoding to copy filtered resources.
2017-11-01 19:23:16,334 [Worker-9] INFO  o.e.m.c.i.embedder.EclipseLogger - Copying 1 resource
2017-11-01 19:23:16,344 [Worker-9] INFO  o.e.m.c.i.embedder.EclipseLogger - Copying 11 resources
2017-11-01 19:23:16,526 [Worker-9] INFO  o.e.m.c.i.embedder.EclipseLogger - Using 'UTF-8' encoding to copy filtered resources.
2017-11-01 19:23:16,527 [Worker-9] INFO  o.e.m.c.i.embedder.EclipseLogger - skip non existing resourceDirectory C:\Users\User\eclipse-workspace\Tutorial07\Tutorial07Producer\src\test\resources
2017-11-01 19:23:42,473 [Worker-0] INFO  o.e.m.c.i.embedder.EclipseLogger - Using 'UTF-8' encoding to copy filtered resources.
2017-11-01 19:23:42,541 [Worker-0] INFO  o.e.m.c.i.embedder.EclipseLogger - Copying 1 resource
2017-11-01 19:23:42,558 [Worker-0] INFO  o.e.m.c.i.embedder.EclipseLogger - Copying 61 resources
2017-11-01 19:23:46,349 [Worker-0] INFO  o.e.m.c.i.embedder.EclipseLogger - Using 'UTF-8' encoding to copy filtered resources.
2017-11-01 19:23:46,350 [Worker-0] INFO  o.e.m.c.i.embedder.EclipseLogger - skip non existing resourceDirectory C:\Users\User\eclipse-workspace\Tutorial07\Tutorial07Consumer\src\test\resources
2017-11-01 19:23:49,855 [Worker-0] INFO  o.e.m.c.i.embedder.EclipseLogger - Using 'UTF-8' encoding to copy filtered resources.
2017-11-01 19:23:49,859 [Worker-0] INFO  o.e.m.c.i.embedder.EclipseLogger - Copying 1 resource
2017-11-01 19:23:49,878 [Worker-0] INFO  o.e.m.c.i.embedder.EclipseLogger - Copying 11 resources
2017-11-01 19:23:50,195 [Worker-0] INFO  o.e.m.c.i.embedder.EclipseLogger - Using 'UTF-8' encoding to copy filtered resources.
2017-11-01 19:23:50,202 [Worker-0] INFO  o.e.m.c.i.embedder.EclipseLogger - skip non existing resourceDirectory C:\Users\User\eclipse-workspace\Tutorial07\Tutorial07Producer\src\test\resources
2017-11-01 20:06:26,394 [Worker-20] INFO  o.e.m.c.i.embedder.EclipseLogger - Using 'UTF-8' encoding to copy filtered resources.
2017-11-01 20:06:26,412 [Worker-20] INFO  o.e.m.c.i.embedder.EclipseLogger - Copying 1 resource
2017-11-01 20:06:26,443 [Worker-20] INFO  o.e.m.c.i.embedder.EclipseLogger - Copying 11 resources
2017-11-01 20:06:26,455 [Worker-20] INFO  o.e.m.c.i.embedder.EclipseLogger - Using 'UTF-8' encoding to copy filtered resources.
2017-11-01 20:06:26,455 [Worker-20] INFO  o.e.m.c.i.embedder.EclipseLogger - skip non existing resourceDirectory C:\Users\User\eclipse-workspace\Tutorial07\Tutorial07Producer\src\test\resources
2017-11-01 20:07:00,301 [Worker-0] INFO  o.e.m.c.i.embedder.EclipseLogger - Using 'UTF-8' encoding to copy filtered resources.
2017-11-01 20:07:00,304 [Worker-0] INFO  o.e.m.c.i.embedder.EclipseLogger - Copying 1 resource
2017-11-01 20:07:00,309 [Worker-0] INFO  o.e.m.c.i.embedder.EclipseLogger - Copying 11 resources
2017-11-01 20:07:00,314 [Worker-0] INFO  o.e.m.c.i.embedder.EclipseLogger - Using 'UTF-8' encoding to copy filtered resources.
2017-11-01 20:07:00,320 [Worker-0] INFO  o.e.m.c.i.embedder.EclipseLogger - skip non existing resourceDirectory C:\Users\User\eclipse-workspace\Tutorial07\Tutorial07Producer\src\test\resources
2017-11-01 20:10:39,606 [Worker-22] INFO  o.e.m.c.i.embedder.EclipseLogger - Using 'UTF-8' encoding to copy filtered resources.
2017-11-01 20:10:39,619 [Worker-22] INFO  o.e.m.c.i.embedder.EclipseLogger - Copying 1 resource
2017-11-01 20:10:39,635 [Worker-22] INFO  o.e.m.c.i.embedder.EclipseLogger - Copying 11 resources
2017-11-01 20:10:39,652 [Worker-22] INFO  o.e.m.c.i.embedder.EclipseLogger - Using 'UTF-8' encoding to copy filtered resources.
2017-11-01 20:10:39,652 [Worker-22] INFO  o.e.m.c.i.embedder.EclipseLogger - skip non existing resourceDirectory C:\Users\User\eclipse-workspace\Tutorial07\Tutorial07Producer\src\test\resources
2017-11-02 08:20:49,731 [Worker-76] INFO  o.e.m.c.i.embedder.EclipseLogger - Using 'UTF-8' encoding to copy filtered resources.
2017-11-02 08:20:49,778 [Worker-76] INFO  o.e.m.c.i.embedder.EclipseLogger - Copying 1 resource
2017-11-02 08:20:49,778 [Worker-76] INFO  o.e.m.c.i.embedder.EclipseLogger - Copying 11 resources
2017-11-02 08:20:49,794 [Worker-76] INFO  o.e.m.c.i.embedder.EclipseLogger - Using 'UTF-8' encoding to copy filtered resources.
2017-11-02 08:20:49,794 [Worker-76] INFO  o.e.m.c.i.embedder.EclipseLogger - skip non existing resourceDirectory C:\Users\User\eclipse-workspace\Tutorial07\Tutorial07Producer\src\test\resources
2017-11-02 09:07:26,280 [Worker-81] INFO  o.e.m.c.i.embedder.EclipseLogger - Using 'UTF-8' encoding to copy filtered resources.
2017-11-02 09:07:26,296 [Worker-81] INFO  o.e.m.c.i.embedder.EclipseLogger - Copying 1 resource
2017-11-02 09:07:26,327 [Worker-81] INFO  o.e.m.c.i.embedder.EclipseLogger - Copying 11 resources
2017-11-02 09:07:26,342 [Worker-81] INFO  o.e.m.c.i.embedder.EclipseLogger - Using 'UTF-8' encoding to copy filtered resources.
2017-11-02 09:07:26,342 [Worker-81] INFO  o.e.m.c.i.embedder.EclipseLogger - skip non existing resourceDirectory C:\Users\User\eclipse-workspace\Tutorial07\Tutorial07Producer\src\test\resources
2017-11-02 09:29:23,777 [Worker-97] INFO  o.e.m.c.i.embedder.EclipseLogger - Using 'UTF-8' encoding to copy filtered resources.
2017-11-02 09:29:23,868 [Worker-97] INFO  o.e.m.c.i.embedder.EclipseLogger - Copying 1 resource
2017-11-02 09:29:23,874 [Worker-97] INFO  o.e.m.c.i.embedder.EclipseLogger - Copying 11 resources
2017-11-02 09:29:23,878 [Worker-97] INFO  o.e.m.c.i.embedder.EclipseLogger - Using 'UTF-8' encoding to copy filtered resources.
2017-11-02 09:29:23,879 [Worker-97] INFO  o.e.m.c.i.embedder.EclipseLogger - skip non existing resourceDirectory C:\Users\User\eclipse-workspace\Tutorial07\Tutorial07Producer\src\test\resources
2017-11-02 09:29:39,323 [Worker-91] INFO  o.e.m.c.i.embedder.EclipseLogger - Using 'UTF-8' encoding to copy filtered resources.
2017-11-02 09:29:39,326 [Worker-91] INFO  o.e.m.c.i.embedder.EclipseLogger - Copying 1 resource
2017-11-02 09:29:39,334 [Worker-91] INFO  o.e.m.c.i.embedder.EclipseLogger - Copying 11 resources
2017-11-02 09:29:39,351 [Worker-91] INFO  o.e.m.c.i.embedder.EclipseLogger - Using 'UTF-8' encoding to copy filtered resources.
2017-11-02 09:29:39,351 [Worker-91] INFO  o.e.m.c.i.embedder.EclipseLogger - skip non existing resourceDirectory C:\Users\User\eclipse-workspace\Tutorial07\Tutorial07Producer\src\test\resources
2017-11-02 09:29:58,621 [Worker-97] INFO  o.e.m.c.i.embedder.EclipseLogger - Using 'UTF-8' encoding to copy filtered resources.
2017-11-02 09:29:58,624 [Worker-97] INFO  o.e.m.c.i.embedder.EclipseLogger - Copying 1 resource
2017-11-02 09:29:58,651 [Worker-97] INFO  o.e.m.c.i.embedder.EclipseLogger - Copying 11 resources
2017-11-02 09:29:58,680 [Worker-97] INFO  o.e.m.c.i.embedder.EclipseLogger - Using 'UTF-8' encoding to copy filtered resources.
2017-11-02 09:29:58,689 [Worker-97] INFO  o.e.m.c.i.embedder.EclipseLogger - skip non existing resourceDirectory C:\Users\User\eclipse-workspace\Tutorial07\Tutorial07Producer\src\test\resources
2017-11-02 09:31:34,288 [Worker-99] INFO  o.e.m.c.i.embedder.EclipseLogger - Using 'UTF-8' encoding to copy filtered resources.
2017-11-02 09:31:34,292 [Worker-99] INFO  o.e.m.c.i.embedder.EclipseLogger - Copying 1 resource
2017-11-02 09:31:34,308 [Worker-99] INFO  o.e.m.c.i.embedder.EclipseLogger - Copying 11 resources
2017-11-02 09:31:34,322 [Worker-99] INFO  o.e.m.c.i.embedder.EclipseLogger - Using 'UTF-8' encoding to copy filtered resources.
2017-11-02 09:31:34,323 [Worker-99] INFO  o.e.m.c.i.embedder.EclipseLogger - skip non existing resourceDirectory C:\Users\User\eclipse-workspace\Tutorial07\Tutorial07Producer\src\test\resources
2017-11-02 09:32:17,940 [Worker-95] INFO  o.e.m.c.i.embedder.EclipseLogger - Using 'UTF-8' encoding to copy filtered resources.
2017-11-02 09:32:17,943 [Worker-95] INFO  o.e.m.c.i.embedder.EclipseLogger - Copying 1 resource
2017-11-02 09:32:17,965 [Worker-95] INFO  o.e.m.c.i.embedder.EclipseLogger - Copying 11 resources
2017-11-02 09:32:17,971 [Worker-95] INFO  o.e.m.c.i.embedder.EclipseLogger - Using 'UTF-8' encoding to copy filtered resources.
2017-11-02 09:32:17,979 [Worker-95] INFO  o.e.m.c.i.embedder.EclipseLogger - skip non existing resourceDirectory C:\Users\User\eclipse-workspace\Tutorial07\Tutorial07Producer\src\test\resources
2017-11-02 09:33:15,304 [Worker-95] INFO  o.e.m.c.i.embedder.EclipseLogger - Using 'UTF-8' encoding to copy filtered resources.
2017-11-02 09:33:15,316 [Worker-95] INFO  o.e.m.c.i.embedder.EclipseLogger - Copying 1 resource
2017-11-02 09:33:15,336 [Worker-95] INFO  o.e.m.c.i.embedder.EclipseLogger - Copying 11 resources
2017-11-02 09:33:15,349 [Worker-95] INFO  o.e.m.c.i.embedder.EclipseLogger - Using 'UTF-8' encoding to copy filtered resources.
2017-11-02 09:33:15,349 [Worker-95] INFO  o.e.m.c.i.embedder.EclipseLogger - skip non existing resourceDirectory C:\Users\User\eclipse-workspace\Tutorial07\Tutorial07Producer\src\test\resources
2017-11-02 09:33:25,727 [Worker-98] INFO  o.e.m.c.i.embedder.EclipseLogger - Using 'UTF-8' encoding to copy filtered resources.
2017-11-02 09:33:25,729 [Worker-98] INFO  o.e.m.c.i.embedder.EclipseLogger - Copying 1 resource
2017-11-02 09:33:25,741 [Worker-98] INFO  o.e.m.c.i.embedder.EclipseLogger - Copying 11 resources
2017-11-02 09:33:25,767 [Worker-98] INFO  o.e.m.c.i.embedder.EclipseLogger - Using 'UTF-8' encoding to copy filtered resources.
2017-11-02 09:33:25,772 [Worker-98] INFO  o.e.m.c.i.embedder.EclipseLogger - skip non existing resourceDirectory C:\Users\User\eclipse-workspace\Tutorial07\Tutorial07Producer\src\test\resources
2017-11-02 09:33:28,903 [Worker-93] INFO  o.e.m.c.i.embedder.EclipseLogger - Using 'UTF-8' encoding to copy filtered resources.
2017-11-02 09:33:28,917 [Worker-93] INFO  o.e.m.c.i.embedder.EclipseLogger - Copying 1 resource
2017-11-02 09:33:28,949 [Worker-93] INFO  o.e.m.c.i.embedder.EclipseLogger - Copying 11 resources
2017-11-02 09:33:28,966 [Worker-93] INFO  o.e.m.c.i.embedder.EclipseLogger - Using 'UTF-8' encoding to copy filtered resources.
2017-11-02 09:33:28,966 [Worker-93] INFO  o.e.m.c.i.embedder.EclipseLogger - skip non existing resourceDirectory C:\Users\User\eclipse-workspace\Tutorial07\Tutorial07Producer\src\test\resources
2017-11-02 09:33:35,346 [Worker-100] INFO  o.e.m.c.i.embedder.EclipseLogger - Using 'UTF-8' encoding to copy filtered resources.
2017-11-02 09:33:35,348 [Worker-100] INFO  o.e.m.c.i.embedder.EclipseLogger - Copying 1 resource
2017-11-02 09:33:35,354 [Worker-100] INFO  o.e.m.c.i.embedder.EclipseLogger - Copying 11 resources
2017-11-02 09:33:35,360 [Worker-100] INFO  o.e.m.c.i.embedder.EclipseLogger - Using 'UTF-8' encoding to copy filtered resources.
2017-11-02 09:33:35,361 [Worker-100] INFO  o.e.m.c.i.embedder.EclipseLogger - skip non existing resourceDirectory C:\Users\User\eclipse-workspace\Tutorial07\Tutorial07Producer\src\test\resources
2017-11-02 09:34:13,812 [Worker-99] INFO  o.e.m.c.i.embedder.EclipseLogger - Using 'UTF-8' encoding to copy filtered resources.
2017-11-02 09:34:13,815 [Worker-99] INFO  o.e.m.c.i.embedder.EclipseLogger - Copying 1 resource
2017-11-02 09:34:13,820 [Worker-99] INFO  o.e.m.c.i.embedder.EclipseLogger - Copying 11 resources
2017-11-02 09:34:13,833 [Worker-99] INFO  o.e.m.c.i.embedder.EclipseLogger - Using 'UTF-8' encoding to copy filtered resources.
2017-11-02 09:34:13,833 [Worker-99] INFO  o.e.m.c.i.embedder.EclipseLogger - skip non existing resourceDirectory C:\Users\User\eclipse-workspace\Tutorial07\Tutorial07Producer\src\test\resources
2017-11-02 09:35:07,655 [Worker-98] INFO  o.e.m.c.i.embedder.EclipseLogger - Using 'UTF-8' encoding to copy filtered resources.
2017-11-02 09:35:07,657 [Worker-98] INFO  o.e.m.c.i.embedder.EclipseLogger - Copying 1 resource
2017-11-02 09:35:07,668 [Worker-98] INFO  o.e.m.c.i.embedder.EclipseLogger - Copying 11 resources
2017-11-02 09:35:07,679 [Worker-98] INFO  o.e.m.c.i.embedder.EclipseLogger - Using 'UTF-8' encoding to copy filtered resources.
2017-11-02 09:35:07,687 [Worker-98] INFO  o.e.m.c.i.embedder.EclipseLogger - skip non existing resourceDirectory C:\Users\User\eclipse-workspace\Tutorial07\Tutorial07Producer\src\test\resources
2017-11-02 09:35:15,509 [Worker-95] INFO  o.e.m.c.i.embedder.EclipseLogger - Using 'UTF-8' encoding to copy filtered resources.
2017-11-02 09:35:15,532 [Worker-95] INFO  o.e.m.c.i.embedder.EclipseLogger - Copying 1 resource
2017-11-02 09:35:15,550 [Worker-95] INFO  o.e.m.c.i.embedder.EclipseLogger - Copying 11 resources
2017-11-02 09:35:15,569 [Worker-95] INFO  o.e.m.c.i.embedder.EclipseLogger - Using 'UTF-8' encoding to copy filtered resources.
2017-11-02 09:35:15,570 [Worker-95] INFO  o.e.m.c.i.embedder.EclipseLogger - skip non existing resourceDirectory C:\Users\User\eclipse-workspace\Tutorial07\Tutorial07Producer\src\test\resources
2017-11-02 09:36:01,865 [Worker-91] INFO  o.e.m.c.i.embedder.EclipseLogger - Using 'UTF-8' encoding to copy filtered resources.
2017-11-02 09:36:01,868 [Worker-91] INFO  o.e.m.c.i.embedder.EclipseLogger - Copying 1 resource
2017-11-02 09:36:01,873 [Worker-91] INFO  o.e.m.c.i.embedder.EclipseLogger - Copying 11 resources
2017-11-02 09:36:01,877 [Worker-91] INFO  o.e.m.c.i.embedder.EclipseLogger - Using 'UTF-8' encoding to copy filtered resources.
2017-11-02 09:36:01,886 [Worker-91] INFO  o.e.m.c.i.embedder.EclipseLogger - skip non existing resourceDirectory C:\Users\User\eclipse-workspace\Tutorial07\Tutorial07Producer\src\test\resources
2017-11-02 09:36:32,117 [Worker-93] INFO  o.e.m.c.i.embedder.EclipseLogger - Using 'UTF-8' encoding to copy filtered resources.
2017-11-02 09:36:32,130 [Worker-93] INFO  o.e.m.c.i.embedder.EclipseLogger - Copying 1 resource
2017-11-02 09:36:32,150 [Worker-93] INFO  o.e.m.c.i.embedder.EclipseLogger - Copying 11 resources
2017-11-02 09:36:32,169 [Worker-93] INFO  o.e.m.c.i.embedder.EclipseLogger - Using 'UTF-8' encoding to copy filtered resources.
2017-11-02 09:36:32,169 [Worker-93] INFO  o.e.m.c.i.embedder.EclipseLogger - skip non existing resourceDirectory C:\Users\User\eclipse-workspace\Tutorial07\Tutorial07Producer\src\test\resources
2017-11-02 09:36:43,501 [Worker-99] INFO  o.e.m.c.i.embedder.EclipseLogger - Using 'UTF-8' encoding to copy filtered resources.
2017-11-02 09:36:43,503 [Worker-99] INFO  o.e.m.c.i.embedder.EclipseLogger - Copying 1 resource
2017-11-02 09:36:43,512 [Worker-99] INFO  o.e.m.c.i.embedder.EclipseLogger - Copying 11 resources
2017-11-02 09:36:43,537 [Worker-99] INFO  o.e.m.c.i.embedder.EclipseLogger - Using 'UTF-8' encoding to copy filtered resources.
2017-11-02 09:36:43,542 [Worker-99] INFO  o.e.m.c.i.embedder.EclipseLogger - skip non existing resourceDirectory C:\Users\User\eclipse-workspace\Tutorial07\Tutorial07Producer\src\test\resources
2017-11-02 09:38:06,556 [Worker-95] INFO  o.e.m.i.launch.MavenLaunchDelegate - C:\Users\User\eclipse-workspace\Tutorial07\Tutorial07Producer
2017-11-02 09:38:06,559 [Worker-95] INFO  o.e.m.i.launch.MavenLaunchDelegate -  mvn -B install
2017-11-02 09:38:29,725 [Worker-96] INFO  o.e.m.c.i.embedder.EclipseLogger - Using 'UTF-8' encoding to copy filtered resources.
2017-11-02 09:38:29,735 [Worker-96] INFO  o.e.m.c.i.embedder.EclipseLogger - Copying 1 resource
2017-11-02 09:38:29,746 [Worker-96] INFO  o.e.m.c.i.embedder.EclipseLogger - Copying 11 resources
2017-11-02 09:38:29,756 [Worker-96] INFO  o.e.m.c.i.embedder.EclipseLogger - Using 'UTF-8' encoding to copy filtered resources.
2017-11-02 09:38:29,756 [Worker-96] INFO  o.e.m.c.i.embedder.EclipseLogger - skip non existing resourceDirectory C:\Users\User\eclipse-workspace\Tutorial07\Tutorial07Producer\src\test\resources
2017-11-02 09:38:36,520 [Worker-100] INFO  o.e.m.i.launch.MavenLaunchDelegate - C:\Users\User\eclipse-workspace\Tutorial07\Tutorial07Producer
2017-11-02 09:38:36,521 [Worker-100] INFO  o.e.m.i.launch.MavenLaunchDelegate -  mvn -B install
2017-11-02 09:38:45,266 [Worker-100] INFO  o.e.m.c.i.embedder.EclipseLogger - Using 'UTF-8' encoding to copy filtered resources.
2017-11-02 09:38:45,275 [Worker-100] INFO  o.e.m.c.i.embedder.EclipseLogger - Copying 1 resource
2017-11-02 09:38:45,292 [Worker-100] INFO  o.e.m.c.i.embedder.EclipseLogger - Copying 11 resources
2017-11-02 09:38:45,298 [Worker-100] INFO  o.e.m.c.i.embedder.EclipseLogger - Using 'UTF-8' encoding to copy filtered resources.
2017-11-02 09:38:45,306 [Worker-100] INFO  o.e.m.c.i.embedder.EclipseLogger - skip non existing resourceDirectory C:\Users\User\eclipse-workspace\Tutorial07\Tutorial07Producer\src\test\resources
2017-11-02 09:39:20,219 [Worker-93] INFO  o.e.m.i.launch.MavenLaunchDelegate - C:\Users\User\eclipse-workspace\Tutorial07\Tutorial07Producer
2017-11-02 09:39:20,219 [Worker-93] INFO  o.e.m.i.launch.MavenLaunchDelegate -  mvn -B install
2017-11-02 09:39:52,394 [Worker-96] INFO  o.e.m.c.i.embedder.EclipseLogger - Using 'UTF-8' encoding to copy filtered resources.
2017-11-02 09:39:52,405 [Worker-96] INFO  o.e.m.c.i.embedder.EclipseLogger - Copying 1 resource
2017-11-02 09:39:52,419 [Worker-96] INFO  o.e.m.c.i.embedder.EclipseLogger - Copying 11 resources
2017-11-02 09:39:52,434 [Worker-96] INFO  o.e.m.c.i.embedder.EclipseLogger - Using 'UTF-8' encoding to copy filtered resources.
2017-11-02 09:39:52,434 [Worker-96] INFO  o.e.m.c.i.embedder.EclipseLogger - skip non existing resourceDirectory C:\Users\User\eclipse-workspace\Tutorial07\Tutorial07Producer\src\test\resources
2017-11-02 09:41:06,314 [Worker-98] INFO  o.e.m.c.i.embedder.EclipseLogger - Using 'UTF-8' encoding to copy filtered resources.
2017-11-02 09:41:06,318 [Worker-98] INFO  o.e.m.c.i.embedder.EclipseLogger - Copying 1 resource
2017-11-02 09:41:06,325 [Worker-98] INFO  o.e.m.c.i.embedder.EclipseLogger - Copying 11 resources
2017-11-02 09:41:06,330 [Worker-98] INFO  o.e.m.c.i.embedder.EclipseLogger - Using 'UTF-8' encoding to copy filtered resources.
2017-11-02 09:41:06,331 [Worker-98] INFO  o.e.m.c.i.embedder.EclipseLogger - skip non existing resourceDirectory C:\Users\User\eclipse-workspace\Tutorial07\Tutorial07Producer\src\test\resources
2017-11-02 09:41:15,558 [Worker-99] INFO  o.e.m.i.launch.MavenLaunchDelegate - C:\Users\User\eclipse-workspace\Tutorial07\Tutorial07Producer
2017-11-02 09:41:15,558 [Worker-99] INFO  o.e.m.i.launch.MavenLaunchDelegate -  mvn -B install
2017-11-02 09:41:33,272 [Worker-99] INFO  o.e.m.c.i.embedder.EclipseLogger - Using 'UTF-8' encoding to copy filtered resources.
2017-11-02 09:41:33,275 [Worker-99] INFO  o.e.m.c.i.embedder.EclipseLogger - Copying 1 resource
2017-11-02 09:41:33,280 [Worker-99] INFO  o.e.m.c.i.embedder.EclipseLogger - Copying 11 resources
2017-11-02 09:41:33,290 [Worker-99] INFO  o.e.m.c.i.embedder.EclipseLogger - Using 'UTF-8' encoding to copy filtered resources.
2017-11-02 09:41:33,291 [Worker-99] INFO  o.e.m.c.i.embedder.EclipseLogger - skip non existing resourceDirectory C:\Users\User\eclipse-workspace\Tutorial07\Tutorial07Producer\src\test\resources
2017-11-02 09:48:30,590 [Worker-98] INFO  o.e.m.c.i.embedder.EclipseLogger - Using 'UTF-8' encoding to copy filtered resources.
2017-11-02 09:48:30,594 [Worker-98] INFO  o.e.m.c.i.embedder.EclipseLogger - Copying 1 resource
2017-11-02 09:48:30,603 [Worker-98] INFO  o.e.m.c.i.embedder.EclipseLogger - Copying 11 resources
2017-11-02 09:48:30,609 [Worker-98] INFO  o.e.m.c.i.embedder.EclipseLogger - Using 'UTF-8' encoding to copy filtered resources.
2017-11-02 09:48:30,622 [Worker-98] INFO  o.e.m.c.i.embedder.EclipseLogger - skip non existing resourceDirectory C:\Users\User\eclipse-workspace\Tutorial07\Tutorial07Producer\src\test\resources
2017-11-02 09:48:36,800 [Worker-103] INFO  o.e.m.i.launch.MavenLaunchDelegate - C:\Users\User\eclipse-workspace\Tutorial07\Tutorial07Producer
2017-11-02 09:48:36,808 [Worker-103] INFO  o.e.m.i.launch.MavenLaunchDelegate -  mvn -B install
2017-11-02 09:49:34,014 [Worker-101] INFO  o.e.m.c.i.embedder.EclipseLogger - Using 'UTF-8' encoding to copy filtered resources.
2017-11-02 09:49:34,022 [Worker-101] INFO  o.e.m.c.i.embedder.EclipseLogger - Copying 1 resource
2017-11-02 09:49:34,035 [Worker-101] INFO  o.e.m.c.i.embedder.EclipseLogger - Copying 11 resources
2017-11-02 09:49:34,044 [Worker-101] INFO  o.e.m.c.i.embedder.EclipseLogger - Using 'UTF-8' encoding to copy filtered resources.
2017-11-02 09:49:34,044 [Worker-101] INFO  o.e.m.c.i.embedder.EclipseLogger - skip non existing resourceDirectory C:\Users\User\eclipse-workspace\Tutorial07\Tutorial07Producer\src\test\resources
2017-11-02 09:52:19,301 [Worker-99] INFO  o.e.m.c.i.embedder.EclipseLogger - Using 'UTF-8' encoding to copy filtered resources.
2017-11-02 09:52:19,317 [Worker-99] INFO  o.e.m.c.i.embedder.EclipseLogger - Copying 1 resource
2017-11-02 09:52:19,317 [Worker-99] INFO  o.e.m.c.i.embedder.EclipseLogger - Copying 11 resources
2017-11-02 09:52:19,317 [Worker-99] INFO  o.e.m.c.i.embedder.EclipseLogger - Using 'UTF-8' encoding to copy filtered resources.
2017-11-02 09:52:19,317 [Worker-99] INFO  o.e.m.c.i.embedder.EclipseLogger - skip non existing resourceDirectory C:\Users\User\eclipse-workspace\Tutorial07\Tutorial07Producer\src\test\resources
2017-11-02 09:52:33,011 [Worker-99] INFO  o.e.m.c.i.embedder.EclipseLogger - Using 'UTF-8' encoding to copy filtered resources.
2017-11-02 09:52:33,011 [Worker-99] INFO  o.e.m.c.i.embedder.EclipseLogger - Copying 1 resource
2017-11-02 09:52:33,011 [Worker-99] INFO  o.e.m.c.i.embedder.EclipseLogger - Copying 11 resources
2017-11-02 09:52:33,026 [Worker-99] INFO  o.e.m.c.i.embedder.EclipseLogger - Using 'UTF-8' encoding to copy filtered resources.
2017-11-02 09:52:33,026 [Worker-99] INFO  o.e.m.c.i.embedder.EclipseLogger - skip non existing resourceDirectory C:\Users\User\eclipse-workspace\Tutorial07\Tutorial07Producer\src\test\resources
2017-11-02 11:17:38,026 [Worker-111] INFO  o.e.m.c.i.embedder.EclipseLogger - Using 'UTF-8' encoding to copy filtered resources.
2017-11-02 11:17:38,042 [Worker-111] INFO  o.e.m.c.i.embedder.EclipseLogger - Copying 1 resource
2017-11-02 11:17:38,057 [Worker-111] INFO  o.e.m.c.i.embedder.EclipseLogger - Copying 11 resources
2017-11-02 11:17:38,073 [Worker-111] INFO  o.e.m.c.i.embedder.EclipseLogger - Using 'UTF-8' encoding to copy filtered resources.
2017-11-02 11:17:38,073 [Worker-111] INFO  o.e.m.c.i.embedder.EclipseLogger - skip non existing resourceDirectory C:\Users\User\eclipse-workspace\Tutorial07\Tutorial07Producer\src\test\resources
2017-11-02 11:22:34,265 [Worker-99] INFO  o.e.m.c.i.embedder.EclipseLogger - Using 'UTF-8' encoding to copy filtered resources.
2017-11-02 11:22:34,280 [Worker-99] INFO  o.e.m.c.i.embedder.EclipseLogger - Copying 1 resource
2017-11-02 11:22:34,280 [Worker-99] INFO  o.e.m.c.i.embedder.EclipseLogger - Copying 11 resources
2017-11-02 11:22:34,296 [Worker-99] INFO  o.e.m.c.i.embedder.EclipseLogger - Using 'UTF-8' encoding to copy filtered resources.
2017-11-02 11:22:34,296 [Worker-99] INFO  o.e.m.c.i.embedder.EclipseLogger - skip non existing resourceDirectory C:\Users\User\eclipse-workspace\Tutorial07\Tutorial07Producer\src\test\resources
2017-11-02 11:22:40,056 [Worker-98] INFO  o.e.m.c.i.embedder.EclipseLogger - Using 'UTF-8' encoding to copy filtered resources.
2017-11-02 11:22:40,056 [Worker-98] INFO  o.e.m.c.i.embedder.EclipseLogger - Copying 1 resource
2017-11-02 11:22:40,088 [Worker-98] INFO  o.e.m.c.i.embedder.EclipseLogger - Copying 11 resources
2017-11-02 11:22:40,088 [Worker-98] INFO  o.e.m.c.i.embedder.EclipseLogger - Using 'UTF-8' encoding to copy filtered resources.
2017-11-02 11:22:40,103 [Worker-98] INFO  o.e.m.c.i.embedder.EclipseLogger - skip non existing resourceDirectory C:\Users\User\eclipse-workspace\Tutorial07\Tutorial07Producer\src\test\resources
2017-11-02 11:23:11,945 [Worker-98] INFO  o.e.m.c.i.embedder.EclipseLogger - Using 'UTF-8' encoding to copy filtered resources.
2017-11-02 11:23:11,960 [Worker-98] INFO  o.e.m.c.i.embedder.EclipseLogger - Copying 1 resource
2017-11-02 11:23:11,976 [Worker-98] INFO  o.e.m.c.i.embedder.EclipseLogger - Copying 11 resources
2017-11-02 11:23:11,976 [Worker-98] INFO  o.e.m.c.i.embedder.EclipseLogger - Using 'UTF-8' encoding to copy filtered resources.
2017-11-02 11:23:11,976 [Worker-98] INFO  o.e.m.c.i.embedder.EclipseLogger - skip non existing resourceDirectory C:\Users\User\eclipse-workspace\Tutorial07\Tutorial07Producer\src\test\resources
2017-11-02 11:23:21,628 [Worker-99] INFO  o.e.m.c.i.embedder.EclipseLogger - Using 'UTF-8' encoding to copy filtered resources.
2017-11-02 11:23:21,628 [Worker-99] INFO  o.e.m.c.i.embedder.EclipseLogger - Copying 1 resource
2017-11-02 11:23:21,644 [Worker-99] INFO  o.e.m.c.i.embedder.EclipseLogger - Copying 11 resources
2017-11-02 11:23:21,644 [Worker-99] INFO  o.e.m.c.i.embedder.EclipseLogger - Using 'UTF-8' encoding to copy filtered resources.
2017-11-02 11:23:21,660 [Worker-99] INFO  o.e.m.c.i.embedder.EclipseLogger - skip non existing resourceDirectory C:\Users\User\eclipse-workspace\Tutorial07\Tutorial07Producer\src\test\resources
2017-11-02 11:23:33,817 [Worker-99] INFO  o.e.m.c.i.embedder.EclipseLogger - Using 'UTF-8' encoding to copy filtered resources.
2017-11-02 11:23:33,832 [Worker-99] INFO  o.e.m.c.i.embedder.EclipseLogger - Copying 1 resource
2017-11-02 11:23:33,850 [Worker-99] INFO  o.e.m.c.i.embedder.EclipseLogger - Copying 11 resources
2017-11-02 11:23:33,865 [Worker-99] INFO  o.e.m.c.i.embedder.EclipseLogger - Using 'UTF-8' encoding to copy filtered resources.
2017-11-02 11:23:33,865 [Worker-99] INFO  o.e.m.c.i.embedder.EclipseLogger - skip non existing resourceDirectory C:\Users\User\eclipse-workspace\Tutorial07\Tutorial07Producer\src\test\resources
2017-11-02 11:23:56,078 [Worker-104] INFO  o.e.m.c.i.embedder.EclipseLogger - Using 'UTF-8' encoding to copy filtered resources.
2017-11-02 11:23:56,078 [Worker-104] INFO  o.e.m.c.i.embedder.EclipseLogger - Copying 1 resource
2017-11-02 11:23:56,078 [Worker-104] INFO  o.e.m.c.i.embedder.EclipseLogger - Copying 11 resources
2017-11-02 11:23:56,093 [Worker-104] INFO  o.e.m.c.i.embedder.EclipseLogger - Using 'UTF-8' encoding to copy filtered resources.
2017-11-02 11:23:56,093 [Worker-104] INFO  o.e.m.c.i.embedder.EclipseLogger - skip non existing resourceDirectory C:\Users\User\eclipse-workspace\Tutorial07\Tutorial07Producer\src\test\resources
2017-11-02 11:24:46,864 [Worker-99] INFO  o.e.m.c.i.embedder.EclipseLogger - Using 'UTF-8' encoding to copy filtered resources.
2017-11-02 11:24:46,864 [Worker-99] INFO  o.e.m.c.i.embedder.EclipseLogger - Copying 1 resource
2017-11-02 11:24:46,864 [Worker-99] INFO  o.e.m.c.i.embedder.EclipseLogger - Copying 11 resources
2017-11-02 11:24:47,086 [Worker-99] INFO  o.e.m.c.i.embedder.EclipseLogger - Using 'UTF-8' encoding to copy filtered resources.
2017-11-02 11:24:47,102 [Worker-99] INFO  o.e.m.c.i.embedder.EclipseLogger - skip non existing resourceDirectory C:\Users\User\eclipse-workspace\Tutorial07\Tutorial07Producer\src\test\resources
2017-11-02 11:41:07,343 [Worker-98] INFO  o.e.m.c.i.embedder.EclipseLogger - Using 'UTF-8' encoding to copy filtered resources.
2017-11-02 11:41:07,406 [Worker-98] INFO  o.e.m.c.i.embedder.EclipseLogger - Copying 1 resource
2017-11-02 11:41:07,406 [Worker-98] INFO  o.e.m.c.i.embedder.EclipseLogger - Copying 0 resource
2017-11-02 11:41:07,422 [Worker-98] INFO  o.e.m.c.i.embedder.EclipseLogger - Using 'UTF-8' encoding to copy filtered resources.
2017-11-02 11:41:07,422 [Worker-98] INFO  o.e.m.c.i.embedder.EclipseLogger - skip non existing resourceDirectory C:\Users\User\eclipse-workspace\Tutorial07\Tutorial07Producer\src\test\resources
2017-11-02 11:41:12,911 [Worker-115] INFO  o.e.m.c.i.embedder.EclipseLogger - Using 'UTF-8' encoding to copy filtered resources.
2017-11-02 11:41:12,933 [Worker-115] INFO  o.e.m.c.i.embedder.EclipseLogger - Copying 1 resource
2017-11-02 11:41:12,942 [Worker-115] INFO  o.e.m.c.i.embedder.EclipseLogger - Copying 0 resource
2017-11-02 11:41:12,953 [Worker-115] INFO  o.e.m.c.i.embedder.EclipseLogger - Using 'UTF-8' encoding to copy filtered resources.
2017-11-02 11:41:12,953 [Worker-115] INFO  o.e.m.c.i.embedder.EclipseLogger - skip non existing resourceDirectory C:\Users\User\eclipse-workspace\Tutorial07\Tutorial07Consumer\src\test\resources
2017-11-02 11:41:58,294 [Worker-113] INFO  o.e.m.c.i.embedder.EclipseLogger - Using 'UTF-8' encoding to copy filtered resources.
2017-11-02 11:41:58,309 [Worker-113] INFO  o.e.m.c.i.embedder.EclipseLogger - Copying 1 resource
2017-11-02 11:41:58,320 [Worker-113] INFO  o.e.m.c.i.embedder.EclipseLogger - Copying 61 resources
2017-11-02 11:41:58,329 [Worker-113] INFO  o.e.m.c.i.embedder.EclipseLogger - Using 'UTF-8' encoding to copy filtered resources.
2017-11-02 11:41:58,344 [Worker-113] INFO  o.e.m.c.i.embedder.EclipseLogger - skip non existing resourceDirectory C:\Users\User\eclipse-workspace\Tutorial07\Tutorial07Consumer\src\test\resources
2017-11-02 11:42:56,392 [Worker-113] INFO  o.e.m.c.i.embedder.EclipseLogger - Using 'UTF-8' encoding to copy filtered resources.
2017-11-02 11:42:56,407 [Worker-113] INFO  o.e.m.c.i.embedder.EclipseLogger - Copying 1 resource
2017-11-02 11:42:56,422 [Worker-113] INFO  o.e.m.c.i.embedder.EclipseLogger - Copying 61 resources
2017-11-02 11:42:56,454 [Worker-113] INFO  o.e.m.c.i.embedder.EclipseLogger - Using 'UTF-8' encoding to copy filtered resources.
2017-11-02 11:42:56,454 [Worker-113] INFO  o.e.m.c.i.embedder.EclipseLogger - skip non existing resourceDirectory C:\Users\User\eclipse-workspace\Tutorial07\Tutorial07Consumer\src\test\resources
2017-11-02 11:43:23,176 [Worker-106] INFO  o.e.m.c.i.embedder.EclipseLogger - Using 'UTF-8' encoding to copy filtered resources.
2017-11-02 11:43:23,185 [Worker-106] INFO  o.e.m.c.i.embedder.EclipseLogger - Copying 1 resource
2017-11-02 11:43:23,201 [Worker-106] INFO  o.e.m.c.i.embedder.EclipseLogger - Copying 61 resources
2017-11-02 11:43:23,245 [Worker-106] INFO  o.e.m.c.i.embedder.EclipseLogger - Using 'UTF-8' encoding to copy filtered resources.
2017-11-02 11:43:23,245 [Worker-106] INFO  o.e.m.c.i.embedder.EclipseLogger - skip non existing resourceDirectory C:\Users\User\eclipse-workspace\Tutorial07\Tutorial07Consumer\src\test\resources
2017-11-02 11:43:42,424 [Worker-106] INFO  o.e.m.c.i.embedder.EclipseLogger - Using 'UTF-8' encoding to copy filtered resources.
2017-11-02 11:43:42,506 [Worker-106] INFO  o.e.m.c.i.embedder.EclipseLogger - Copying 1 resource
2017-11-02 11:43:42,523 [Worker-106] INFO  o.e.m.c.i.embedder.EclipseLogger - Copying 61 resources
2017-11-02 11:43:42,554 [Worker-106] INFO  o.e.m.c.i.embedder.EclipseLogger - Using 'UTF-8' encoding to copy filtered resources.
2017-11-02 11:43:42,554 [Worker-106] INFO  o.e.m.c.i.embedder.EclipseLogger - skip non existing resourceDirectory C:\Users\User\eclipse-workspace\Tutorial07\Tutorial07Consumer\src\test\resources
2017-11-02 11:44:37,784 [Worker-108] INFO  o.e.m.c.i.embedder.EclipseLogger - Using 'UTF-8' encoding to copy filtered resources.
2017-11-02 11:44:37,918 [Worker-108] INFO  o.e.m.c.i.embedder.EclipseLogger - Copying 1 resource
2017-11-02 11:44:37,949 [Worker-108] INFO  o.e.m.c.i.embedder.EclipseLogger - Copying 61 resources
2017-11-02 11:44:38,177 [Worker-108] INFO  o.e.m.c.i.embedder.EclipseLogger - Using 'UTF-8' encoding to copy filtered resources.
2017-11-02 11:44:38,177 [Worker-108] INFO  o.e.m.c.i.embedder.EclipseLogger - skip non existing resourceDirectory C:\Users\User\eclipse-workspace\Tutorial07\Tutorial07Consumer\src\test\resources
2017-11-02 11:45:23,762 [Worker-113] INFO  o.e.m.c.i.embedder.EclipseLogger - Using 'UTF-8' encoding to copy filtered resources.
2017-11-02 11:45:23,793 [Worker-113] INFO  o.e.m.c.i.embedder.EclipseLogger - Copying 1 resource
2017-11-02 11:45:23,809 [Worker-113] INFO  o.e.m.c.i.embedder.EclipseLogger - Copying 61 resources
2017-11-02 11:45:23,854 [Worker-113] INFO  o.e.m.c.i.embedder.EclipseLogger - Using 'UTF-8' encoding to copy filtered resources.
2017-11-02 11:45:23,854 [Worker-113] INFO  o.e.m.c.i.embedder.EclipseLogger - skip non existing resourceDirectory C:\Users\User\eclipse-workspace\Tutorial07\Tutorial07Consumer\src\test\resources
2017-11-02 11:45:49,051 [Worker-115] INFO  o.e.m.c.i.embedder.EclipseLogger - Using 'UTF-8' encoding to copy filtered resources.
2017-11-02 11:45:49,067 [Worker-115] INFO  o.e.m.c.i.embedder.EclipseLogger - Copying 1 resource
2017-11-02 11:45:49,083 [Worker-115] INFO  o.e.m.c.i.embedder.EclipseLogger - Copying 61 resources
2017-11-02 11:45:49,098 [Worker-115] INFO  o.e.m.c.i.embedder.EclipseLogger - Using 'UTF-8' encoding to copy filtered resources.
2017-11-02 11:45:49,114 [Worker-115] INFO  o.e.m.c.i.embedder.EclipseLogger - skip non existing resourceDirectory C:\Users\User\eclipse-workspace\Tutorial07\Tutorial07Consumer\src\test\resources
2017-11-02 11:49:52,798 [Worker-115] INFO  o.e.m.c.i.embedder.EclipseLogger - Using 'UTF-8' encoding to copy filtered resources.
2017-11-02 11:49:52,813 [Worker-115] INFO  o.e.m.c.i.embedder.EclipseLogger - Copying 1 resource
2017-11-02 11:49:52,845 [Worker-115] INFO  o.e.m.c.i.embedder.EclipseLogger - Copying 61 resources
2017-11-02 11:49:52,881 [Worker-115] INFO  o.e.m.c.i.embedder.EclipseLogger - Using 'UTF-8' encoding to copy filtered resources.
2017-11-02 11:49:52,881 [Worker-115] INFO  o.e.m.c.i.embedder.EclipseLogger - skip non existing resourceDirectory C:\Users\User\eclipse-workspace\Tutorial07\Tutorial07Consumer\src\test\resources
2017-11-02 11:50:22,282 [Worker-98] INFO  o.e.m.c.i.embedder.EclipseLogger - Using 'UTF-8' encoding to copy filtered resources.
2017-11-02 11:50:22,291 [Worker-98] INFO  o.e.m.c.i.embedder.EclipseLogger - Copying 1 resource
2017-11-02 11:50:22,302 [Worker-98] INFO  o.e.m.c.i.embedder.EclipseLogger - Copying 61 resources
2017-11-02 11:50:22,313 [Worker-98] INFO  o.e.m.c.i.embedder.EclipseLogger - Using 'UTF-8' encoding to copy filtered resources.
2017-11-02 11:50:22,318 [Worker-98] INFO  o.e.m.c.i.embedder.EclipseLogger - skip non existing resourceDirectory C:\Users\User\eclipse-workspace\Tutorial07\Tutorial07Consumer\src\test\resources
2017-11-02 11:51:50,438 [Worker-117] INFO  o.e.m.c.i.embedder.EclipseLogger - Using 'UTF-8' encoding to copy filtered resources.
2017-11-02 11:51:50,461 [Worker-117] INFO  o.e.m.c.i.embedder.EclipseLogger - Copying 1 resource
2017-11-02 11:51:50,483 [Worker-117] INFO  o.e.m.c.i.embedder.EclipseLogger - Copying 61 resources
2017-11-02 11:51:50,508 [Worker-117] INFO  o.e.m.c.i.embedder.EclipseLogger - Using 'UTF-8' encoding to copy filtered resources.
2017-11-02 11:51:50,509 [Worker-117] INFO  o.e.m.c.i.embedder.EclipseLogger - skip non existing resourceDirectory C:\Users\User\eclipse-workspace\Tutorial07\Tutorial07Consumer\src\test\resources
2017-11-02 11:52:02,415 [Worker-108] INFO  o.e.m.c.i.embedder.EclipseLogger - Using 'UTF-8' encoding to copy filtered resources.
2017-11-02 11:52:02,432 [Worker-108] INFO  o.e.m.c.i.embedder.EclipseLogger - Copying 1 resource
2017-11-02 11:52:02,439 [Worker-108] INFO  o.e.m.c.i.embedder.EclipseLogger - Copying 61 resources
2017-11-02 11:52:02,470 [Worker-108] INFO  o.e.m.c.i.embedder.EclipseLogger - Using 'UTF-8' encoding to copy filtered resources.
2017-11-02 11:52:02,470 [Worker-108] INFO  o.e.m.c.i.embedder.EclipseLogger - skip non existing resourceDirectory C:\Users\User\eclipse-workspace\Tutorial07\Tutorial07Consumer\src\test\resources
2017-11-02 11:53:46,382 [Worker-116] INFO  o.e.m.c.i.embedder.EclipseLogger - Using 'UTF-8' encoding to copy filtered resources.
2017-11-02 11:53:46,412 [Worker-116] INFO  o.e.m.c.i.embedder.EclipseLogger - Copying 1 resource
2017-11-02 11:53:46,439 [Worker-116] INFO  o.e.m.c.i.embedder.EclipseLogger - Copying 61 resources
2017-11-02 11:53:46,453 [Worker-116] INFO  o.e.m.c.i.embedder.EclipseLogger - Using 'UTF-8' encoding to copy filtered resources.
2017-11-02 11:53:46,453 [Worker-116] INFO  o.e.m.c.i.embedder.EclipseLogger - skip non existing resourceDirectory C:\Users\User\eclipse-workspace\Tutorial07\Tutorial07Consumer\src\test\resources
2017-11-02 11:56:49,614 [Worker-98] INFO  o.e.m.c.i.embedder.EclipseLogger - Using 'UTF-8' encoding to copy filtered resources.
2017-11-02 11:56:49,631 [Worker-98] INFO  o.e.m.c.i.embedder.EclipseLogger - Copying 1 resource
2017-11-02 11:56:49,646 [Worker-98] INFO  o.e.m.c.i.embedder.EclipseLogger - Copying 61 resources
2017-11-02 11:56:49,662 [Worker-98] INFO  o.e.m.c.i.embedder.EclipseLogger - Using 'UTF-8' encoding to copy filtered resources.
2017-11-02 11:56:49,662 [Worker-98] INFO  o.e.m.c.i.embedder.EclipseLogger - skip non existing resourceDirectory C:\Users\User\eclipse-workspace\Tutorial07\Tutorial07Consumer\src\test\resources
2017-11-02 11:56:53,076 [Worker-117] INFO  o.e.m.c.i.embedder.EclipseLogger - Using 'UTF-8' encoding to copy filtered resources.
2017-11-02 11:56:53,091 [Worker-117] INFO  o.e.m.c.i.embedder.EclipseLogger - Copying 1 resource
2017-11-02 11:56:53,107 [Worker-117] INFO  o.e.m.c.i.embedder.EclipseLogger - Copying 61 resources
2017-11-02 11:56:53,123 [Worker-117] INFO  o.e.m.c.i.embedder.EclipseLogger - Using 'UTF-8' encoding to copy filtered resources.
2017-11-02 11:56:53,123 [Worker-117] INFO  o.e.m.c.i.embedder.EclipseLogger - skip non existing resourceDirectory C:\Users\User\eclipse-workspace\Tutorial07\Tutorial07Consumer\src\test\resources
2017-11-02 11:57:02,594 [Worker-118] INFO  o.e.m.c.i.embedder.EclipseLogger - Using 'UTF-8' encoding to copy filtered resources.
2017-11-02 11:57:02,610 [Worker-118] INFO  o.e.m.c.i.embedder.EclipseLogger - Copying 1 resource
2017-11-02 11:57:02,639 [Worker-118] INFO  o.e.m.c.i.embedder.EclipseLogger - Copying 61 resources
2017-11-02 11:57:02,670 [Worker-118] INFO  o.e.m.c.i.embedder.EclipseLogger - Using 'UTF-8' encoding to copy filtered resources.
2017-11-02 11:57:02,670 [Worker-118] INFO  o.e.m.c.i.embedder.EclipseLogger - skip non existing resourceDirectory C:\Users\User\eclipse-workspace\Tutorial07\Tutorial07Consumer\src\test\resources
2017-11-02 11:58:14,821 [Worker-114] INFO  o.e.m.i.launch.MavenLaunchDelegate - C:\Users\User\eclipse-workspace\Tutorial07\Tutorial07Consumer
2017-11-02 11:58:14,832 [Worker-114] INFO  o.e.m.i.launch.MavenLaunchDelegate -  mvn -B install
2017-11-02 11:58:28,141 [Worker-117] INFO  o.e.m.c.i.embedder.EclipseLogger - Using 'UTF-8' encoding to copy filtered resources.
2017-11-02 11:58:28,219 [Worker-117] INFO  o.e.m.c.i.embedder.EclipseLogger - Copying 1 resource
2017-11-02 11:58:28,222 [Worker-117] INFO  o.e.m.c.i.embedder.EclipseLogger - Copying 61 resources
2017-11-02 11:58:28,238 [Worker-117] INFO  o.e.m.c.i.embedder.EclipseLogger - Using 'UTF-8' encoding to copy filtered resources.
2017-11-02 11:58:28,238 [Worker-117] INFO  o.e.m.c.i.embedder.EclipseLogger - skip non existing resourceDirectory C:\Users\User\eclipse-workspace\Tutorial07\Tutorial07Consumer\src\test\resources
2017-11-02 11:58:34,186 [Worker-118] INFO  o.e.m.i.launch.MavenLaunchDelegate - C:\Users\User\eclipse-workspace\Tutorial07\Tutorial07Consumer
2017-11-02 11:58:34,186 [Worker-118] INFO  o.e.m.i.launch.MavenLaunchDelegate -  mvn -B install
2017-11-02 11:58:39,240 [Worker-118] INFO  o.e.m.c.i.embedder.EclipseLogger - Using 'UTF-8' encoding to copy filtered resources.
2017-11-02 11:58:39,271 [Worker-118] INFO  o.e.m.c.i.embedder.EclipseLogger - Copying 1 resource
2017-11-02 11:58:39,291 [Worker-118] INFO  o.e.m.c.i.embedder.EclipseLogger - Copying 61 resources
2017-11-02 11:58:39,307 [Worker-118] INFO  o.e.m.c.i.embedder.EclipseLogger - Using 'UTF-8' encoding to copy filtered resources.
2017-11-02 11:58:39,307 [Worker-118] INFO  o.e.m.c.i.embedder.EclipseLogger - skip non existing resourceDirectory C:\Users\User\eclipse-workspace\Tutorial07\Tutorial07Consumer\src\test\resources
2017-11-02 11:58:47,483 [Worker-98] INFO  o.e.m.i.launch.MavenLaunchDelegate - C:\Users\User\eclipse-workspace\Tutorial07\Tutorial07Consumer
2017-11-02 11:58:47,483 [Worker-98] INFO  o.e.m.i.launch.MavenLaunchDelegate -  mvn -B install
2017-11-02 11:59:07,514 [Worker-116] INFO  o.e.m.c.i.embedder.EclipseLogger - Using 'UTF-8' encoding to copy filtered resources.
2017-11-02 11:59:07,529 [Worker-116] INFO  o.e.m.c.i.embedder.EclipseLogger - Copying 1 resource
2017-11-02 11:59:07,553 [Worker-116] INFO  o.e.m.c.i.embedder.EclipseLogger - Copying 61 resources
2017-11-02 11:59:07,573 [Worker-116] INFO  o.e.m.c.i.embedder.EclipseLogger - Using 'UTF-8' encoding to copy filtered resources.
2017-11-02 11:59:07,573 [Worker-116] INFO  o.e.m.c.i.embedder.EclipseLogger - skip non existing resourceDirectory C:\Users\User\eclipse-workspace\Tutorial07\Tutorial07Consumer\src\test\resources
2017-11-02 12:03:17,849 [Worker-108] INFO  o.e.m.c.i.embedder.EclipseLogger - Using 'UTF-8' encoding to copy filtered resources.
2017-11-02 12:03:17,864 [Worker-108] INFO  o.e.m.c.i.embedder.EclipseLogger - Copying 1 resource
2017-11-02 12:03:17,880 [Worker-108] INFO  o.e.m.c.i.embedder.EclipseLogger - Copying 61 resources
2017-11-02 12:03:17,896 [Worker-108] INFO  o.e.m.c.i.embedder.EclipseLogger - Using 'UTF-8' encoding to copy filtered resources.
2017-11-02 12:03:17,911 [Worker-108] INFO  o.e.m.c.i.embedder.EclipseLogger - skip non existing resourceDirectory C:\Users\User\eclipse-workspace\Tutorial07\Tutorial07Consumer\src\test\resources
2017-11-02 12:03:48,736 [Worker-113] INFO  o.e.m.c.i.embedder.EclipseLogger - Using 'UTF-8' encoding to copy filtered resources.
2017-11-02 12:03:48,751 [Worker-113] INFO  o.e.m.c.i.embedder.EclipseLogger - Copying 1 resource
2017-11-02 12:03:48,775 [Worker-113] INFO  o.e.m.c.i.embedder.EclipseLogger - Copying 61 resources
2017-11-02 12:03:48,791 [Worker-113] INFO  o.e.m.c.i.embedder.EclipseLogger - Using 'UTF-8' encoding to copy filtered resources.
2017-11-02 12:03:48,791 [Worker-113] INFO  o.e.m.c.i.embedder.EclipseLogger - skip non existing resourceDirectory C:\Users\User\eclipse-workspace\Tutorial07\Tutorial07Consumer\src\test\resources
2017-11-02 12:08:00,018 [Worker-115] INFO  o.e.m.c.i.embedder.EclipseLogger - Using 'UTF-8' encoding to copy filtered resources.
2017-11-02 12:08:00,018 [Worker-115] INFO  o.e.m.c.i.embedder.EclipseLogger - Copying 0 resource
2017-11-02 12:08:00,018 [Worker-115] INFO  o.e.m.c.i.embedder.EclipseLogger - Copying 0 resource
2017-11-02 12:08:00,034 [Worker-115] INFO  o.e.m.c.i.embedder.EclipseLogger - Using 'UTF-8' encoding to copy filtered resources.
2017-11-02 12:08:00,034 [Worker-115] INFO  o.e.m.c.i.embedder.EclipseLogger - skip non existing resourceDirectory C:\Users\User\eclipse-workspace\Tutorial07\Tutorial07Consumer\src\test\resources
2017-11-02 12:08:08,445 [Worker-99] INFO  o.e.m.c.i.embedder.EclipseLogger - Using 'UTF-8' encoding to copy filtered resources.
2017-11-02 12:08:08,460 [Worker-99] INFO  o.e.m.c.i.embedder.EclipseLogger - Copying 0 resource
2017-11-02 12:08:08,460 [Worker-99] INFO  o.e.m.c.i.embedder.EclipseLogger - Copying 0 resource
2017-11-02 12:08:08,460 [Worker-99] INFO  o.e.m.c.i.embedder.EclipseLogger - Using 'UTF-8' encoding to copy filtered resources.
2017-11-02 12:08:08,460 [Worker-99] INFO  o.e.m.c.i.embedder.EclipseLogger - skip non existing resourceDirectory C:\Users\User\eclipse-workspace\Tutorial07\Tutorial07Producer\src\test\resources
2017-11-02 12:19:27,713 [Worker-114] INFO  o.e.m.c.i.embedder.EclipseLogger - Using 'UTF-8' encoding to copy filtered resources.
2017-11-02 12:19:27,729 [Worker-114] INFO  o.e.m.c.i.embedder.EclipseLogger - Copying 1 resource
2017-11-02 12:19:27,744 [Worker-114] INFO  o.e.m.c.i.embedder.EclipseLogger - Copying 61 resources
2017-11-02 12:19:27,775 [Worker-114] INFO  o.e.m.c.i.embedder.EclipseLogger - Using 'UTF-8' encoding to copy filtered resources.
2017-11-02 12:19:27,775 [Worker-114] INFO  o.e.m.c.i.embedder.EclipseLogger - skip non existing resourceDirectory C:\Users\User\eclipse-workspace\Tutorial07\Tutorial07Consumer\src\test\resources
2017-11-02 12:30:35,974 [Worker-116] INFO  o.e.m.c.i.embedder.EclipseLogger - Using 'UTF-8' encoding to copy filtered resources.
2017-11-02 12:30:36,021 [Worker-116] INFO  o.e.m.c.i.embedder.EclipseLogger - Copying 1 resource
2017-11-02 12:30:36,037 [Worker-116] INFO  o.e.m.c.i.embedder.EclipseLogger - Copying 61 resources
2017-11-02 12:30:36,052 [Worker-116] INFO  o.e.m.c.i.embedder.EclipseLogger - Using 'UTF-8' encoding to copy filtered resources.
2017-11-02 12:30:36,052 [Worker-116] INFO  o.e.m.c.i.embedder.EclipseLogger - skip non existing resourceDirectory C:\Users\User\eclipse-workspace\Tutorial07\Tutorial07Consumer\src\test\resources
2017-11-02 14:53:08,834 [Worker-115] INFO  o.e.m.c.i.embedder.EclipseLogger - Using 'UTF-8' encoding to copy filtered resources.
2017-11-02 14:53:09,412 [Worker-115] INFO  o.e.m.c.i.embedder.EclipseLogger - Copying 1 resource
2017-11-02 14:53:09,568 [Worker-115] INFO  o.e.m.c.i.embedder.EclipseLogger - Copying 61 resources
2017-11-02 14:53:09,678 [Worker-115] INFO  o.e.m.c.i.embedder.EclipseLogger - Using 'UTF-8' encoding to copy filtered resources.
2017-11-02 14:53:09,710 [Worker-115] INFO  o.e.m.c.i.embedder.EclipseLogger - skip non existing resourceDirectory C:\Users\User\eclipse-workspace\Tutorial07\Tutorial07Consumer\src\test\resources
2017-11-02 15:03:04,768 [Worker-108] INFO  o.e.m.c.i.embedder.EclipseLogger - Using 'UTF-8' encoding to copy filtered resources.
2017-11-02 15:03:04,877 [Worker-108] INFO  o.e.m.c.i.embedder.EclipseLogger - Copying 1 resource
2017-11-02 15:03:04,893 [Worker-108] INFO  o.e.m.c.i.embedder.EclipseLogger - Copying 61 resources
2017-11-02 15:03:04,908 [Worker-108] INFO  o.e.m.c.i.embedder.EclipseLogger - Using 'UTF-8' encoding to copy filtered resources.
2017-11-02 15:03:04,908 [Worker-108] INFO  o.e.m.c.i.embedder.EclipseLogger - skip non existing resourceDirectory C:\Users\User\eclipse-workspace\Tutorial07\Tutorial07Consumer\src\test\resources
2017-11-02 15:07:36,477 [Worker-106] INFO  o.e.m.c.i.embedder.EclipseLogger - Using 'UTF-8' encoding to copy filtered resources.
2017-11-02 15:07:36,477 [Worker-106] INFO  o.e.m.c.i.embedder.EclipseLogger - Copying 0 resource
2017-11-02 15:07:36,477 [Worker-106] INFO  o.e.m.c.i.embedder.EclipseLogger - Copying 1 resource
2017-11-02 15:07:36,508 [Worker-106] INFO  o.e.m.c.i.embedder.EclipseLogger - Using 'UTF-8' encoding to copy filtered resources.
2017-11-02 15:07:36,586 [Worker-106] INFO  o.e.m.c.i.embedder.EclipseLogger - skip non existing resourceDirectory C:\Users\User\eclipse-workspace\Tutorial07\Tutorial07Consumer\src\test\resources
2017-11-02 15:12:03,067 [Worker-119] INFO  o.e.m.c.i.embedder.EclipseLogger - Using 'UTF-8' encoding to copy filtered resources.
2017-11-02 15:12:03,085 [Worker-119] INFO  o.e.m.c.i.embedder.EclipseLogger - Copying 1 resource
2017-11-02 15:12:03,102 [Worker-119] INFO  o.e.m.c.i.embedder.EclipseLogger - Copying 61 resources
2017-11-02 15:12:03,118 [Worker-119] INFO  o.e.m.c.i.embedder.EclipseLogger - Using 'UTF-8' encoding to copy filtered resources.
2017-11-02 15:12:03,118 [Worker-119] INFO  o.e.m.c.i.embedder.EclipseLogger - skip non existing resourceDirectory C:\Users\User\eclipse-workspace\Tutorial07\Tutorial07Consumer\src\test\resources
2017-11-02 15:13:43,411 [Worker-121] INFO  o.e.m.c.i.embedder.EclipseLogger - Using 'UTF-8' encoding to copy filtered resources.
2017-11-02 15:13:43,424 [Worker-121] INFO  o.e.m.c.i.embedder.EclipseLogger - Copying 1 resource
2017-11-02 15:13:43,446 [Worker-121] INFO  o.e.m.c.i.embedder.EclipseLogger - Copying 61 resources
2017-11-02 15:13:43,472 [Worker-121] INFO  o.e.m.c.i.embedder.EclipseLogger - Using 'UTF-8' encoding to copy filtered resources.
2017-11-02 15:13:43,481 [Worker-121] INFO  o.e.m.c.i.embedder.EclipseLogger - skip non existing resourceDirectory C:\Users\User\eclipse-workspace\Tutorial07\Tutorial07Consumer\src\test\resources
2017-11-02 15:13:46,204 [Worker-117] INFO  o.e.m.c.i.embedder.EclipseLogger - Using 'UTF-8' encoding to copy filtered resources.
2017-11-02 15:13:46,219 [Worker-117] INFO  o.e.m.c.i.embedder.EclipseLogger - Copying 1 resource
2017-11-02 15:13:46,235 [Worker-117] INFO  o.e.m.c.i.embedder.EclipseLogger - Copying 61 resources
2017-11-02 15:13:46,277 [Worker-117] INFO  o.e.m.c.i.embedder.EclipseLogger - Using 'UTF-8' encoding to copy filtered resources.
2017-11-02 15:13:46,277 [Worker-117] INFO  o.e.m.c.i.embedder.EclipseLogger - skip non existing resourceDirectory C:\Users\User\eclipse-workspace\Tutorial07\Tutorial07Consumer\src\test\resources
2017-11-02 15:13:56,275 [Worker-118] INFO  o.e.m.c.i.embedder.EclipseLogger - Using 'UTF-8' encoding to copy filtered resources.
2017-11-02 15:13:56,291 [Worker-118] INFO  o.e.m.c.i.embedder.EclipseLogger - Copying 1 resource
2017-11-02 15:13:56,433 [Worker-118] INFO  o.e.m.c.i.embedder.EclipseLogger - Copying 61 resources
2017-11-02 15:13:56,565 [Worker-118] INFO  o.e.m.c.i.embedder.EclipseLogger - Using 'UTF-8' encoding to copy filtered resources.
2017-11-02 15:13:56,565 [Worker-118] INFO  o.e.m.c.i.embedder.EclipseLogger - skip non existing resourceDirectory C:\Users\User\eclipse-workspace\Tutorial07\Tutorial07Consumer\src\test\resources
2017-11-02 15:14:09,212 [Worker-118] INFO  o.e.m.c.i.embedder.EclipseLogger - Using 'UTF-8' encoding to copy filtered resources.
2017-11-02 15:14:09,234 [Worker-118] INFO  o.e.m.c.i.embedder.EclipseLogger - Copying 1 resource
2017-11-02 15:14:09,249 [Worker-118] INFO  o.e.m.c.i.embedder.EclipseLogger - Copying 61 resources
2017-11-02 15:14:09,269 [Worker-118] INFO  o.e.m.c.i.embedder.EclipseLogger - Using 'UTF-8' encoding to copy filtered resources.
2017-11-02 15:14:09,270 [Worker-118] INFO  o.e.m.c.i.embedder.EclipseLogger - skip non existing resourceDirectory C:\Users\User\eclipse-workspace\Tutorial07\Tutorial07Consumer\src\test\resources
2017-11-02 15:15:17,072 [Worker-106] INFO  o.e.m.c.i.embedder.EclipseLogger - Using 'UTF-8' encoding to copy filtered resources.
2017-11-02 15:15:17,087 [Worker-106] INFO  o.e.m.c.i.embedder.EclipseLogger - Copying 1 resource
2017-11-02 15:15:17,116 [Worker-106] INFO  o.e.m.c.i.embedder.EclipseLogger - Copying 61 resources
2017-11-02 15:15:17,144 [Worker-106] INFO  o.e.m.c.i.embedder.EclipseLogger - Using 'UTF-8' encoding to copy filtered resources.
2017-11-02 15:15:17,150 [Worker-106] INFO  o.e.m.c.i.embedder.EclipseLogger - skip non existing resourceDirectory C:\Users\User\eclipse-workspace\Tutorial07\Tutorial07Consumer\src\test\resources
2017-11-02 15:17:27,669 [Worker-106] INFO  o.e.m.c.i.embedder.EclipseLogger - Using 'UTF-8' encoding to copy filtered resources.
2017-11-02 15:17:27,689 [Worker-106] INFO  o.e.m.c.i.embedder.EclipseLogger - Copying 1 resource
2017-11-02 15:17:27,706 [Worker-106] INFO  o.e.m.c.i.embedder.EclipseLogger - Copying 61 resources
2017-11-02 15:17:27,743 [Worker-106] INFO  o.e.m.c.i.embedder.EclipseLogger - Using 'UTF-8' encoding to copy filtered resources.
2017-11-02 15:17:27,743 [Worker-106] INFO  o.e.m.c.i.embedder.EclipseLogger - skip non existing resourceDirectory C:\Users\User\eclipse-workspace\Tutorial07\Tutorial07Consumer\src\test\resources
2017-11-02 15:18:34,828 [Worker-122] INFO  o.e.m.c.i.embedder.EclipseLogger - Using 'UTF-8' encoding to copy filtered resources.
2017-11-02 15:18:34,844 [Worker-122] INFO  o.e.m.c.i.embedder.EclipseLogger - Copying 1 resource
2017-11-02 15:18:34,861 [Worker-122] INFO  o.e.m.c.i.embedder.EclipseLogger - Copying 61 resources
2017-11-02 15:18:34,863 [Worker-122] INFO  o.e.m.c.i.embedder.EclipseLogger - Using 'UTF-8' encoding to copy filtered resources.
2017-11-02 15:18:34,878 [Worker-122] INFO  o.e.m.c.i.embedder.EclipseLogger - skip non existing resourceDirectory C:\Users\User\eclipse-workspace\Tutorial07\Tutorial07Consumer\src\test\resources
2017-11-02 15:19:44,153 [Worker-114] INFO  o.e.m.c.i.embedder.EclipseLogger - Using 'UTF-8' encoding to copy filtered resources.
2017-11-02 15:19:44,163 [Worker-114] INFO  o.e.m.c.i.embedder.EclipseLogger - Copying 1 resource
2017-11-02 15:19:44,194 [Worker-114] INFO  o.e.m.c.i.embedder.EclipseLogger - Copying 61 resources
2017-11-02 15:19:44,223 [Worker-114] INFO  o.e.m.c.i.embedder.EclipseLogger - Using 'UTF-8' encoding to copy filtered resources.
2017-11-02 15:19:44,223 [Worker-114] INFO  o.e.m.c.i.embedder.EclipseLogger - skip non existing resourceDirectory C:\Users\User\eclipse-workspace\Tutorial07\Tutorial07Consumer\src\test\resources
2017-11-02 15:19:55,869 [Worker-120] INFO  o.e.m.c.i.embedder.EclipseLogger - Using 'UTF-8' encoding to copy filtered resources.
2017-11-02 15:19:55,890 [Worker-120] INFO  o.e.m.c.i.embedder.EclipseLogger - Copying 1 resource
2017-11-02 15:19:55,904 [Worker-120] INFO  o.e.m.c.i.embedder.EclipseLogger - Copying 61 resources
2017-11-02 15:19:55,918 [Worker-120] INFO  o.e.m.c.i.embedder.EclipseLogger - Using 'UTF-8' encoding to copy filtered resources.
2017-11-02 15:19:55,924 [Worker-120] INFO  o.e.m.c.i.embedder.EclipseLogger - skip non existing resourceDirectory C:\Users\User\eclipse-workspace\Tutorial07\Tutorial07Consumer\src\test\resources
2017-11-02 15:20:27,640 [Worker-113] INFO  o.e.m.c.i.embedder.EclipseLogger - Using 'UTF-8' encoding to copy filtered resources.
2017-11-02 15:20:27,656 [Worker-113] INFO  o.e.m.c.i.embedder.EclipseLogger - Copying 1 resource
2017-11-02 15:20:27,729 [Worker-113] INFO  o.e.m.c.i.embedder.EclipseLogger - Copying 61 resources
2017-11-02 15:20:27,754 [Worker-113] INFO  o.e.m.c.i.embedder.EclipseLogger - Using 'UTF-8' encoding to copy filtered resources.
2017-11-02 15:20:27,754 [Worker-113] INFO  o.e.m.c.i.embedder.EclipseLogger - skip non existing resourceDirectory C:\Users\User\eclipse-workspace\Tutorial07\Tutorial07Consumer\src\test\resources
2017-11-02 15:21:09,980 [Worker-117] INFO  o.e.m.c.i.embedder.EclipseLogger - Using 'UTF-8' encoding to copy filtered resources.
2017-11-02 15:21:09,986 [Worker-117] INFO  o.e.m.c.i.embedder.EclipseLogger - Copying 1 resource
2017-11-02 15:21:10,002 [Worker-117] INFO  o.e.m.c.i.embedder.EclipseLogger - Copying 61 resources
2017-11-02 15:21:10,018 [Worker-117] INFO  o.e.m.c.i.embedder.EclipseLogger - Using 'UTF-8' encoding to copy filtered resources.
2017-11-02 15:21:10,018 [Worker-117] INFO  o.e.m.c.i.embedder.EclipseLogger - skip non existing resourceDirectory C:\Users\User\eclipse-workspace\Tutorial07\Tutorial07Consumer\src\test\resources
2017-11-02 15:21:34,426 [Worker-99] INFO  o.e.m.c.i.embedder.EclipseLogger - Using 'UTF-8' encoding to copy filtered resources.
2017-11-02 15:21:34,436 [Worker-99] INFO  o.e.m.c.i.embedder.EclipseLogger - Copying 1 resource
2017-11-02 15:21:34,451 [Worker-99] INFO  o.e.m.c.i.embedder.EclipseLogger - Copying 61 resources
2017-11-02 15:21:34,467 [Worker-99] INFO  o.e.m.c.i.embedder.EclipseLogger - Using 'UTF-8' encoding to copy filtered resources.
2017-11-02 15:21:34,468 [Worker-99] INFO  o.e.m.c.i.embedder.EclipseLogger - skip non existing resourceDirectory C:\Users\User\eclipse-workspace\Tutorial07\Tutorial07Consumer\src\test\resources
2017-11-02 15:22:31,277 [Worker-113] INFO  o.e.m.c.i.embedder.EclipseLogger - Using 'UTF-8' encoding to copy filtered resources.
2017-11-02 15:22:31,277 [Worker-113] INFO  o.e.m.c.i.embedder.EclipseLogger - Copying 1 resource
2017-11-02 15:22:31,304 [Worker-113] INFO  o.e.m.c.i.embedder.EclipseLogger - Copying 61 resources
2017-11-02 15:22:31,327 [Worker-113] INFO  o.e.m.c.i.embedder.EclipseLogger - Using 'UTF-8' encoding to copy filtered resources.
2017-11-02 15:22:31,327 [Worker-113] INFO  o.e.m.c.i.embedder.EclipseLogger - skip non existing resourceDirectory C:\Users\User\eclipse-workspace\Tutorial07\Tutorial07Consumer\src\test\resources
2017-11-02 15:25:32,346 [Worker-119] INFO  o.e.m.c.i.embedder.EclipseLogger - Using 'UTF-8' encoding to copy filtered resources.
2017-11-02 15:25:32,420 [Worker-119] INFO  o.e.m.c.i.embedder.EclipseLogger - Copying 1 resource
2017-11-02 15:25:32,440 [Worker-119] INFO  o.e.m.c.i.embedder.EclipseLogger - Copying 61 resources
2017-11-02 15:25:32,461 [Worker-119] INFO  o.e.m.c.i.embedder.EclipseLogger - Using 'UTF-8' encoding to copy filtered resources.
2017-11-02 15:25:32,461 [Worker-119] INFO  o.e.m.c.i.embedder.EclipseLogger - skip non existing resourceDirectory C:\Users\User\eclipse-workspace\Tutorial07\Tutorial07Consumer\src\test\resources
2017-11-02 15:26:50,768 [Worker-121] INFO  o.e.m.c.i.embedder.EclipseLogger - Using 'UTF-8' encoding to copy filtered resources.
2017-11-02 15:26:50,777 [Worker-121] INFO  o.e.m.c.i.embedder.EclipseLogger - Copying 1 resource
2017-11-02 15:26:50,793 [Worker-121] INFO  o.e.m.c.i.embedder.EclipseLogger - Copying 61 resources
2017-11-02 15:26:50,793 [Worker-121] INFO  o.e.m.c.i.embedder.EclipseLogger - Using 'UTF-8' encoding to copy filtered resources.
2017-11-02 15:26:50,808 [Worker-121] INFO  o.e.m.c.i.embedder.EclipseLogger - skip non existing resourceDirectory C:\Users\User\eclipse-workspace\Tutorial07\Tutorial07Consumer\src\test\resources
2017-11-02 15:29:46,119 [Worker-99] INFO  o.e.m.c.i.embedder.EclipseLogger - Using 'UTF-8' encoding to copy filtered resources.
2017-11-02 15:29:46,119 [Worker-99] INFO  o.e.m.c.i.embedder.EclipseLogger - Copying 1 resource
2017-11-02 15:29:46,135 [Worker-99] INFO  o.e.m.c.i.embedder.EclipseLogger - Copying 11 resources
2017-11-02 15:29:46,157 [Worker-99] INFO  o.e.m.c.i.embedder.EclipseLogger - Using 'UTF-8' encoding to copy filtered resources.
2017-11-02 15:29:46,157 [Worker-99] INFO  o.e.m.c.i.embedder.EclipseLogger - skip non existing resourceDirectory C:\Users\User\eclipse-workspace\Tutorial07\Tutorial07Producer\src\test\resources
2017-11-02 15:30:46,870 [Worker-121] INFO  o.e.m.c.i.embedder.EclipseLogger - Using 'UTF-8' encoding to copy filtered resources.
2017-11-02 15:30:46,870 [Worker-121] INFO  o.e.m.c.i.embedder.EclipseLogger - Copying 1 resource
2017-11-02 15:30:46,901 [Worker-121] INFO  o.e.m.c.i.embedder.EclipseLogger - Copying 61 resources
2017-11-02 15:30:46,925 [Worker-121] INFO  o.e.m.c.i.embedder.EclipseLogger - Using 'UTF-8' encoding to copy filtered resources.
2017-11-02 15:30:46,930 [Worker-121] INFO  o.e.m.c.i.embedder.EclipseLogger - skip non existing resourceDirectory C:\Users\User\eclipse-workspace\Tutorial07\Tutorial07Consumer\src\test\resources
2017-11-02 15:31:22,382 [Worker-119] INFO  o.e.m.c.i.embedder.EclipseLogger - Using 'UTF-8' encoding to copy filtered resources.
2017-11-02 15:31:22,398 [Worker-119] INFO  o.e.m.c.i.embedder.EclipseLogger - Copying 1 resource
2017-11-02 15:31:22,429 [Worker-119] INFO  o.e.m.c.i.embedder.EclipseLogger - Copying 61 resources
2017-11-02 15:31:22,463 [Worker-119] INFO  o.e.m.c.i.embedder.EclipseLogger - Using 'UTF-8' encoding to copy filtered resources.
2017-11-02 15:31:22,463 [Worker-119] INFO  o.e.m.c.i.embedder.EclipseLogger - skip non existing resourceDirectory C:\Users\User\eclipse-workspace\Tutorial07\Tutorial07Consumer\src\test\resources
2017-11-02 15:31:37,982 [Worker-121] INFO  o.e.m.c.i.embedder.EclipseLogger - Using 'UTF-8' encoding to copy filtered resources.
2017-11-02 15:31:37,997 [Worker-121] INFO  o.e.m.c.i.embedder.EclipseLogger - Copying 1 resource
2017-11-02 15:31:38,018 [Worker-121] INFO  o.e.m.c.i.embedder.EclipseLogger - Copying 61 resources
2017-11-02 15:31:38,054 [Worker-121] INFO  o.e.m.c.i.embedder.EclipseLogger - Using 'UTF-8' encoding to copy filtered resources.
2017-11-02 15:31:38,055 [Worker-121] INFO  o.e.m.c.i.embedder.EclipseLogger - skip non existing resourceDirectory C:\Users\User\eclipse-workspace\Tutorial07\Tutorial07Consumer\src\test\resources
2017-11-02 15:31:46,623 [Worker-106] INFO  o.e.m.c.i.embedder.EclipseLogger - Using 'UTF-8' encoding to copy filtered resources.
2017-11-02 15:31:46,623 [Worker-106] INFO  o.e.m.c.i.embedder.EclipseLogger - Copying 1 resource
2017-11-02 15:31:46,638 [Worker-106] INFO  o.e.m.c.i.embedder.EclipseLogger - Copying 61 resources
2017-11-02 15:31:46,660 [Worker-106] INFO  o.e.m.c.i.embedder.EclipseLogger - Using 'UTF-8' encoding to copy filtered resources.
2017-11-02 15:31:46,661 [Worker-106] INFO  o.e.m.c.i.embedder.EclipseLogger - skip non existing resourceDirectory C:\Users\User\eclipse-workspace\Tutorial07\Tutorial07Consumer\src\test\resources
